<?xml version="1.0" encoding="UTF-8"?>
<!-- Generated by org.testng.reporters.JUnitReportReporter -->
<testsuite hostname="Mythos" failures="0" tests="1" name="com.test.demotest.TestDemoScript01" time="4.251" errors="0" timestamp="2025-07-12T12:27:58 IST" skipped="0">
  <testcase classname="com.test.demotest.TestDemoScript01" name="TestScript" time="4.251"/>
</testsuite> <!-- com.test.demotest.TestDemoScript01 -->
